E:\课程相关\国创\PSD_1\PSD_1\DEBUG\PSD_1.PCH
E:\课程相关\国创\PSD_1\PSD_1\DEBUG\STDAFX.OBJ
E:\课程相关\国创\PSD_1\PSD_1\DEBUG\VC110.PDB
E:\课程相关\国创\PSD_1\PSD_1\DEBUG\LAWICELCANUSB.OBJ
E:\课程相关\国创\PSD_1\PSD_1\DEBUG\PSD_1.OBJ
E:\课程相关\国创\PSD_1\PSD_1\DEBUG\PSD_1DLG.OBJ
E:\课程相关\国创\PSD_1\DEBUG\PSD_1.ILK
E:\课程相关\国创\PSD_1\DEBUG\PSD_1.EXE
E:\课程相关\国创\PSD_1\DEBUG\PSD_1.PDB
E:\课程相关\国创\PSD_1\PSD_1\DEBUG\PSD_1.RES
E:\课程相关\国创\PSD_1\PSD_1\Debug\LawicelCanUsb.obj
E:\课程相关\国创\PSD_1\PSD_1\Debug\PSD_1.obj
E:\课程相关\国创\PSD_1\PSD_1\Debug\PSD_1Dlg.obj
E:\课程相关\国创\PSD_1\PSD_1\Debug\stdafx.obj
E:\课程相关\国创\PSD_1\PSD_1\Debug\cl.command.1.tlog
E:\课程相关\国创\PSD_1\PSD_1\Debug\CL.read.1.tlog
E:\课程相关\国创\PSD_1\PSD_1\Debug\CL.write.1.tlog
E:\课程相关\国创\PSD_1\PSD_1\Debug\link-cvtres.read.1.tlog
E:\课程相关\国创\PSD_1\PSD_1\Debug\link-cvtres.write.1.tlog
E:\课程相关\国创\PSD_1\PSD_1\Debug\link-mt.read.1.tlog
E:\课程相关\国创\PSD_1\PSD_1\Debug\link-mt.write.1.tlog
E:\课程相关\国创\PSD_1\PSD_1\Debug\link-rc.read.1.tlog
E:\课程相关\国创\PSD_1\PSD_1\Debug\link-rc.write.1.tlog
E:\课程相关\国创\PSD_1\PSD_1\Debug\link.command.1.tlog
E:\课程相关\国创\PSD_1\PSD_1\Debug\link.read.1.tlog
E:\课程相关\国创\PSD_1\PSD_1\Debug\link.write.1.tlog
E:\课程相关\国创\PSD_1\PSD_1\Debug\rc.command.1.tlog
E:\课程相关\国创\PSD_1\PSD_1\Debug\rc.read.1.tlog
E:\课程相关\国创\PSD_1\PSD_1\Debug\rc.write.1.tlog
E:\课程相关\国创\PSD_1\PSD_1\Debug\PSD_1.res
E:\课程相关\国创\PSD_1\PSD_1\Debug\PSD_1.pch
E:\课程相关\国创\PSD_1\PSD_1\Debug\vc110.idb
E:\课程相关\国创\PSD_1\PSD_1\Debug\vc110.pdb
E:\课程相关\国创\PSD_1\Debug\PSD_1.pdb
E:\课程相关\国创\PSD_1\Debug\PSD_1.exe
E:\课程相关\国创\PSD_1\Debug\PSD_1.ilk
